\BOOKMARK [0][-]{chapter.1}{Pr\351sentation du projet}{}% 1
\BOOKMARK [0][-]{chapter.2}{Organisation du projet}{}% 2
\BOOKMARK [1][-]{section.2.1}{Gestion du projet}{chapter.2}% 3
\BOOKMARK [2][-]{subsection.2.1.1}{Gestionnaire de version}{section.2.1}% 4
\BOOKMARK [2][-]{subsection.2.1.2}{Trello}{section.2.1}% 5
\BOOKMARK [2][-]{subsection.2.1.3}{Discord}{section.2.1}% 6
\BOOKMARK [1][-]{section.2.2}{R\351partition des fonctionnalit\351s}{chapter.2}% 7
\BOOKMARK [0][-]{chapter.3}{Architecture du projet}{}% 8
\BOOKMARK [1][-]{section.3.1}{Arborescence du projet}{chapter.3}% 9
\BOOKMARK [1][-]{section.3.2}{Mise en place du pattern MVC}{chapter.3}% 10
\BOOKMARK [0][-]{chapter.4}{Aspects techniques}{}% 11
\BOOKMARK [1][-]{section.4.1}{TaquinGrid}{chapter.4}% 12
\BOOKMARK [2][-]{subsection.4.1.1}{Cr\351ation de la grille}{section.4.1}% 13
\BOOKMARK [2][-]{subsection.4.1.2}{Algorithme de m\351lange}{section.4.1}% 14
\BOOKMARK [2][-]{subsection.4.1.3}{D\351placement d'une case}{section.4.1}% 15
\BOOKMARK [2][-]{subsection.4.1.4}{D\351terminer si la partie est termin\351e}{section.4.1}% 16
\BOOKMARK [1][-]{section.4.2}{Tests unitaires}{chapter.4}% 17
\BOOKMARK [2][-]{subsection.4.2.1}{Quel outil ?}{section.4.2}% 18
\BOOKMARK [2][-]{subsection.4.2.2}{Mise en oeuvre}{section.4.2}% 19
\BOOKMARK [0][-]{chapter.5}{Conclusion}{}% 20
\BOOKMARK [1][-]{section.5.1}{Avis g\351n\351ral}{chapter.5}% 21
\BOOKMARK [1][-]{section.5.2}{\311l\351ments \340 am\351liorer}{chapter.5}% 22
